"../../../Engine/Content/Functions/Engine_MaterialFunctions01/Opacity/CameraDepthFade.uasset" 0
"../../../Engine/Content/EngineMaterials/T_Default_Material_Grid_M.uasset" 1
"../../../Engine/Content/EngineMaterials/T_Default_Material_Grid_N.uasset" 2
"../../../Engine/Content/EngineMaterials/DefaultMaterial.uasset" 3
"../../../Engine/Content/BasicShapes/Cone.uasset" 4
"../../../Engine/Content/EngineMaterials/WorldGridMaterial.uasset" 5
"../../../Engine/Content/BasicShapes/Cube.uasset" 6
"../../../Engine/Content/BasicShapes/Cylinder.uasset" 7
"../../../Engine/Content/BasicShapes/Sphere.uasset" 8
"../../../Engine/Content/EditorLandscapeResources/DataLayer.uasset" 9
"../../../Engine/Content/EditorMaterials/GizmoMaterial.uasset" 10
"../../../Engine/Content/EditorMaterials/MAT_Groups_Toggle.uasset" 11
"../../../Engine/Content/EditorMaterials/MAT_Groups_Visibility.uasset" 12
"../../../Engine/Content/EditorMaterials/PreviewShadowIndicator.uasset" 13
"../../../Engine/Content/EditorMaterials/PreviewShadowIndicatorMaterial.uasset" 14
"../../../Engine/Content/EditorMaterials/AssetViewer/EpicQuadPanorama_CC+EV1.uasset" 15
"../../../Engine/Content/EditorMaterials/MatineeGroups/MAT_ColorTrack.uasset" 16
"../../../Engine/Content/EditorMaterials/MatineeGroups/MAT_Groups_Anim.uasset" 17
"../../../Engine/Content/EditorMaterials/MatineeGroups/MAT_Groups_AudioMaster.uasset" 18
"../../../Engine/Content/EditorMaterials/MatineeGroups/MAT_Groups_Director.uasset" 19
"../../../Engine/Content/EditorMaterials/MatineeGroups/MAT_Groups_Event.uasset" 20
"../../../Engine/Content/EditorMaterials/MatineeGroups/MAT_Groups_Fade.uasset" 21
"../../../Engine/Content/EditorMaterials/MatineeGroups/MAT_Groups_Float.uasset" 22
"../../../Engine/Content/EditorMaterials/MatineeGroups/MAT_Groups_Move.uasset" 23
"../../../Engine/Content/EditorMaterials/MatineeGroups/MAT_Groups_Slomo.uasset" 24
"../../../Engine/Content/EditorMaterials/MatineeGroups/MAT_Groups_Sound.uasset" 25
"../../../Engine/Content/EditorMaterials/MatineeGroups/MAT_Groups_Vector.uasset" 26
"../../../Engine/Content/EditorMaterials/ParticleSystems/PSysThumbnail_NoImage.uasset" 27
"../../../Engine/Content/EditorMaterials/ParticleSystems/PSysThumbnail_OOD.uasset" 28
"../../../Engine/Content/EditorMaterials/Camera/CineMat.uasset" 29
"../../../Engine/Content/EditorMaterials/Camera/MI_CineMat_Rig.uasset" 30
"../../../Engine/Content/EditorMeshes/Camera/SM_CraneRig_Arm.uasset" 31
"../../../Engine/Content/EditorMeshes/Camera/SM_CraneRig_Base.uasset" 32
"../../../Engine/Content/EditorMeshes/Camera/SM_CraneRig_Body.uasset" 33
"../../../Engine/Content/EditorMeshes/Camera/SM_CraneRig_Mount.uasset" 34
"../../../Engine/Content/EditorMeshes/Camera/SM_RailRig_Mount.uasset" 35
"../../../Engine/Content/EditorMeshes/Camera/SM_RailRig_Track.uasset" 36
"../../../Engine/Content/EditorMeshes/ColorCalibrator/M_ChromeBall.uasset" 37
"../../../Engine/Content/EditorMeshes/ColorCalibrator/M_ClearCoat.uasset" 38
"../../../Engine/Content/EditorMeshes/ColorCalibrator/M_ClearCoatBlack.uasset" 39
"../../../Engine/Content/EditorMeshes/ColorCalibrator/T_ColorGrid.uasset" 40
"../../../Engine/Content/EditorMeshes/ColorCalibrator/M_ColorGrid.uasset" 41
"../../../Engine/Content/EditorMeshes/ColorCalibrator/M_GreyBall.uasset" 42
"../../../Engine/Content/EditorMeshes/ColorCalibrator/SM_ColorCalibrator.uasset" 43
"../../../Engine/Content/EditorResources/BSPVertex.uasset" 44
"../../../Engine/Content/EditorResources/EmptyActor.uasset" 45
"../../../Engine/Content/EditorResources/RGBTable16x1_AssetViewer.uasset" 46
"../../../Engine/Content/EditorResources/S_Actor.uasset" 47
"../../../Engine/Content/EditorResources/S_Trigger.uasset" 48
"../../../Engine/Content/EditorResources/LightIcons/S_LightError.uasset" 49
"../../../Engine/Content/EditorResources/SequenceRecorder/Countdown.uasset" 50
"../../../Engine/Content/EditorResources/SequenceRecorder/RecordingIndicator.uasset" 51
"../../../Engine/Content/EditorSounds/Notifications/CompileFailed.uasset" 52
"../../../Engine/Content/EditorSounds/Notifications/CompileFailed_Cue.uasset" 53
"../../../Engine/Content/EditorSounds/Notifications/CompileSuccess.uasset" 54
"../../../Engine/Content/EditorSounds/Notifications/CompileStart_Cue.uasset" 55
"../../../Engine/Content/EditorSounds/Notifications/CompileSuccess_Cue.uasset" 56
"../../../Engine/Content/EngineDamageTypes/DmgTypeBP_Environmental.uasset" 57
"../../../Engine/Content/EngineDebugMaterials/HeatmapGradient.uasset" 58
"../../../Engine/Content/EngineDebugMaterials/BoneWeightMaterial.uasset" 59
"../../../Engine/Content/EngineDebugMaterials/DebugMeshMaterial.uasset" 60
"../../../Engine/Content/EngineDebugMaterials/GeomMaterial.uasset" 61
"../../../Engine/Content/EngineFonts/Roboto.uasset" 62
"../../../Engine/Content/EngineFonts/RobotoTiny.uasset" 63
"../../../Engine/Content/EngineMaterials/DefaultBokeh.uasset" 64
"../../../Engine/Content/EngineMaterials/DefaultDiffuse.uasset" 65
"../../../Engine/Content/EngineMaterials/DefaultDeferredDecalMaterial.uasset" 66
"../../../Engine/Content/EngineMaterials/DefaultLightFunctionMaterial.uasset" 67
"../../../Engine/Content/EngineMaterials/DefaultPhysicalMaterial.uasset" 68
"../../../Engine/Content/Functions/Engine_MaterialFunctions02/Utility/BreakOutFloat2Components.uasset" 69
"../../../Engine/Content/EngineMaterials/DefaultPostProcessMaterial.uasset" 70
"../../../Engine/Content/EngineFonts/RobotoDistanceField.uasset" 71
"../../../Engine/Content/EngineMaterials/DefaultTextMaterialOpaque.uasset" 72
"../../../Engine/Content/EngineMaterials/DefaultWhiteGrid.uasset" 73
"../../../Engine/Content/EngineMaterials/EditorBrushMaterial.uasset" 74
"../../../Engine/Content/EngineMaterials/Good64x64TilingNoiseHighFreq.uasset" 75
"../../../Engine/Content/EngineMaterials/MiniFont.uasset" 76
"../../../Engine/Content/EngineMaterials/InvalidLightmapSettings.uasset" 77
"../../../Engine/Content/EngineMaterials/M_InvalidLightmapSettings.uasset" 78
"../../../Engine/Content/EngineMaterials/PhAT_JointLimitMaterial.uasset" 79
"../../../Engine/Content/EngineMaterials/PreintegratedSkinBRDF.uasset" 80
"../../../Engine/Content/EngineMaterials/RemoveSurfaceMaterial.uasset" 81
"../../../Engine/Content/EngineMaterials/WeightMapPlaceholderTexture.uasset" 82
"../../../Engine/Content/EngineResources/WhiteSquareTexture.uasset" 83
"../../../Engine/Content/EngineMaterials/Widget3DPassThrough.uasset" 84
"../../../Engine/Content/EngineMaterials/Widget3DPassThrough_Masked.uasset" 85
"../../../Engine/Content/EngineMaterials/Widget3DPassThrough_Opaque.uasset" 86
"../../../Engine/Content/EngineMaterials/Widget3DPassThrough_Masked_OneSided.uasset" 87
"../../../Engine/Content/EngineMaterials/Widget3DPassThrough_Opaque_OneSided.uasset" 88
"../../../Engine/Content/EngineMaterials/Widget3DPassThrough_Translucent.uasset" 89
"../../../Engine/Content/EngineMaterials/Widget3DPassThrough_Translucent_OneSided.uasset" 90
"../../../Engine/Content/EngineMeshes/Cube.uasset" 91
"../../../Engine/Content/EngineMeshes/Cylinder.uasset" 92
"../../../Engine/Content/EngineMeshes/Sphere.uasset" 93
"../../../Engine/Content/EngineResources/AICON-Green.uasset" 94
"../../../Engine/Content/EngineResources/AICON-Red.uasset" 95
"../../../Engine/Content/EngineResources/Black.uasset" 96
"../../../Engine/Content/EngineResources/DefaultTexture.uasset" 97
"../../../Engine/Content/EngineResources/DefaultTextureCube.uasset" 98
"../../../Engine/Content/EngineResources/GradientTexture0.uasset" 99
"../../../Engine/Content/EngineSounds/Master.uasset" 100
"../../../Engine/Content/EngineSounds/MasterSubmix.uasset" 101
"../../../Engine/Content/EngineTireTypes/DefaultTireType.uasset" 102
"../../../Engine/Content/Functions/Engine_MaterialFunctions01/Shading/ConvertFromDiffSpec.uasset" 103
"../../../Engine/Content/Functions/Engine_MaterialFunctions01/Shading/PowerToRoughness.uasset" 104
"../../../Engine/Content/Maps/Templates/Thumbnails/Default.uasset" 105
"../../../Engine/Content/Maps/Templates/Thumbnails/VR-Basic.uasset" 106
"../../../Engine/Content/MobileResources/T_MobileControls_texture.uasset" 107
"../../../Engine/Content/MobileResources/T_MobileMenu2.uasset" 108
"../../../Engine/Content/MobileResources/HUD/AnalogHat.uasset" 109
"../../../Engine/Content/MobileResources/HUD/VirtualJoystick_Background.uasset" 110
"../../../Engine/Content/MobileResources/HUD/VirtualJoystick_Thumb.uasset" 111
"../../../Engine/Content/MobileResources/HUD/DefaultVirtualJoysticks.uasset" 112
"../../../Engine/Content/MobileResources/HUD/LeftVirtualJoystickOnly.uasset" 113
"../../../Engine/Content/MobileResources/HUD/MobileHUDButton1_off.uasset" 114
"../../../Engine/Content/MobileResources/HUD/MobileHUDButton1_on.uasset" 115
"../../../Engine/Content/MobileResources/HUD/MobileHUDButton2_off.uasset" 116
"../../../Engine/Content/MobileResources/HUD/MobileHUDButton2_on.uasset" 117
"../../../Engine/Content/MobileResources/HUD/MobileHUDButton3.uasset" 118
"../../../Engine/Content/MobileResources/HUD/MobileHUDButtonFire.uasset" 119
"../../../Engine/Content/MobileResources/HUD/MobileHUDDirectionPad.uasset" 120
"../../../Engine/Content/MobileResources/HUD/MobileHUDDirectionPad2.uasset" 121
"../../../Engine/Content/MobileResources/HUD/MobileHUDDirectionPad3.uasset" 122
"../../../Engine/Content/MobileResources/HUD/MobileHUDDirectionStick.uasset" 123
"../../../Engine/Content/MobileResources/HUD/T_Castle_ThumbstickInner.uasset" 124
"../../../Engine/Content/MobileResources/HUD/T_Castle_ThumbstickOutter.uasset" 125
"../../../Engine/Content/Tutorial/ContentIntroCurve.uasset" 126
"../../../Engine/Content/Tutorial/Basics/TutorialAssets/icon_tab_Levels_40x.uasset" 127
"../../../Engine/Content/Tutorial/BlueprintTutorials/TutorialAssets/BlueprintInterface_64x.uasset" 128
"../../../Engine/Content/Tutorial/BlueprintTutorials/TutorialAssets/BlueprintMacroLibrary_64x.uasset" 129
"../../../Engine/Content/Tutorial/BlueprintTutorials/TutorialAssets/Blueprint_64x.uasset" 130
"../../../Engine/Content/Tutorial/BlueprintTutorials/TutorialAssets/Tutorial_BP_Interface.uasset" 131
"../../../Engine/Content/Tutorial/Foliage/TutorialAssets/Foliage.uasset" 132
"../../../Engine/Content/Tutorial/Landscape/TutorialAssets/Landscape.uasset" 133
"../../../Engine/Content/Tutorial/Paper2D/TutorialAssets/Paper2DFlipbook_TutorialIcon.uasset" 134
"../../../Engine/Content/Tutorial/Paper2D/TutorialAssets/Paper2DSprite_TutorialIcon.uasset" 135
"../../../Engine/Content/Tutorial/SubEditors/TutorialAssets/icon_Editor_Preferences_General_40x.uasset" 136
"../../../Engine/Content/Tutorial/SubEditors/TutorialAssets/icon_ShowSkeletalMeshes_40x.uasset" 137
"../../../Engine/Content/Tutorial/SubEditors/TutorialAssets/TutorialMaterial.uasset" 138
"../../../Engine/Content/Tutorial/SubEditors/TutorialAssets/T_SmokeSubUV_8X8.uasset" 139
"../../../Engine/Content/Tutorial/SubEditors/TutorialAssets/T_soft_smoke.uasset" 140
"../../../Engine/Content/Tutorial/SubEditors/TutorialAssets/M_smoke_subUV_blackbody.uasset" 141
"../../../Engine/Content/Tutorial/SubEditors/TutorialAssets/TutorialParticleSystem.uasset" 142
"../../../Engine/Content/EditorMeshes/EditorCube.uasset" 143
"../../../Engine/Content/Tutorial/SubEditors/TutorialAssets/Tutorial_DM.uasset" 144
"../../../Engine/Content/VREditor/Devices/Generic/GenericHMDMaterial.uasset" 145
"../../../Engine/Content/VREditor/Devices/Generic/GenericHMD.uasset" 146
"../../../Engine/Content/VREditor/FloatingText/LineMaterial.uasset" 147
"../../../Engine/Content/VREditor/FloatingText/JointSphere.uasset" 148
"../../../Engine/Content/VREditor/FloatingText/LineSegmentCylinder.uasset" 149
"../../../Engine/Content/VREditor/Fonts/VRText_RobotoLarge.uasset" 150
"../../../Engine/Content/VREditor/Fonts/VRTextMaterial.uasset" 151
"../../../Engine/Content/VREditor/Fonts/TranslucentVRTextMaterial.uasset" 152
"../../../Engine/Content/VREditor/LaserPointer/VR_LaserPower_01.uasset" 153
"../../../Engine/Content/VREditor/LaserPointer/LaserPointerMaterial.uasset" 154
"../../../Engine/Content/VREditor/LaserPointer/LaserPointerMaterialInst.uasset" 155
"../../../Engine/Content/VREditor/LaserPointer/TranslucentLaserPointerMaterialInst.uasset" 156
"../../../Engine/Content/VREditor/LaserPointer/LaserPointerMesh.uasset" 157
"../../../Engine/Content/VREditor/Sounds/VR_grab_Cue.uasset" 158
"../../../Engine/Content/VREditor/Sounds/VR_teleport_Cue.uasset" 159
"../../../Engine/Content/VREditor/TransformGizmo/TransformGizmoMaterial.uasset" 160
"../../../Engine/Content/VREditor/TransformGizmo/TranslucentTransformGizmoMaterial.uasset" 161
"../../../Engine/Content/VREditor/TransformGizmo/BoundingBoxCorner.uasset" 162
"../../../Engine/Content/VREditor/TransformGizmo/BoundingBoxEdge.uasset" 163
"../../../Engine/Content/VREditor/TransformGizmo/PlaneTranslationHandle.uasset" 164
"../../../Engine/Content/VREditor/TransformGizmo/RotationHandle.uasset" 165
"../../../Engine/Content/VREditor/TransformGizmo/RotationHandleFull.uasset" 166
"../../../Engine/Content/VREditor/TransformGizmo/StretchingHandle.uasset" 167
"../../../Engine/Content/VREditor/TransformGizmo/TranslateHandleLong.uasset" 168
"../../../Engine/Content/VREditor/TransformGizmo/TranslationHandle.uasset" 169
"../../../Engine/Content/VREditor/TransformGizmo/UniformScaleHandle.uasset" 170
"../../../Engine/Content/VREditor/UI/CloseButtonMesh.uasset" 171
"../../../Engine/Content/VREditor/UI/SelectionBarMesh.uasset" 172
"../../../Engine/Content/Functions/Engine_MaterialFunctions01/Gradient/RadialGradient.uasset" 173
"../../../Engine/Content/VREditor/WorldMovementGrid/SimpleGrid.uasset" 174
"../../../Engine/Content/VREditor/WorldMovementGrid/GridMaterial.uasset" 175
"../../../Engine/Content/Functions/Engine_MaterialFunctions01/Density/ExponentialDensity.uasset" 176
"../../../Engine/Content/VREditor/WorldMovementGrid/GridPostProcess.uasset" 177
"../../../Engine/Content/EditorLandscapeResources/FlattenHeightMat.uasset" 178
"../../../Engine/Content/VREditor/WorldMovementGrid/PlaneMesh.uasset" 179
"../../../StoryGraph/Content/HUDStates.uasset" 180
"../../../StoryGraph/Content/Langvige.uasset" 181
"../../../Engine/Content/EditorBlueprintResources/StandardMacros.uasset" 182
"../../../StoryGraph/Content/UMG/TriggerMessage_Wiget.uasset" 183
"../../../StoryGraph/Content/UMG/DialogString.uasset" 184
"../../../StoryGraph/Content/UMG/Dialog_Wiget.uasset" 185
"../../../StoryGraph/Content/UMG/EndGame_Wiget.uasset" 186
"../../../StoryGraph/Content/Texture/Aim.uasset" 187
"../../../StoryGraph/Content/Texture/AimMat.uasset" 188
"../../../StoryGraph/Content/UMG/MessageString_Wiget.uasset" 189
"../../../StoryGraph/Content/Texture/RadarTexture.uasset" 190
"../../../StoryGraph/Content/Texture/RadarBackground.uasset" 191
"../../../StoryGraph/Content/Texture/RadarFrame.uasset" 192
"../../../StoryGraph/Content/UMG/Radar_Wiget.uasset" 193
"../../../StoryGraph/Content/UMG/GameScreen_Wiget.uasset" 194
"../../../StoryGraph/Content/UMG/InventoryElement_Wiget.uasset" 195
"../../../StoryGraph/Content/UMG/Inventory_Wiget.uasset" 196
"../../../StoryGraph/Content/UMG/QuestPhaseDecription_Wiget.uasset" 197
"../../../StoryGraph/Content/UMG/QuestString_Wiget.uasset" 198
"../../../StoryGraph/Content/UMG/Jurnal_Wiget.uasset" 199
"../../../StoryGraph/Content/UMG/QuestPhase_Wiget.uasset" 200
"../../../StoryGraph/Content/StoryGraphHUD.uasset" 201
"../../../StoryGraph/Content/Mannequin/Character/Mesh/UE4_Mannequin_Skeleton.uasset" 202
"../../../StoryGraph/Content/Mannequin/Animations/ThirdPerson_Jump.uasset" 203
"../../../StoryGraph/Content/Mannequin/Animations/ThirdPersonJump_Loop.uasset" 204
"../../../StoryGraph/Content/Mannequin/Animations/ThirdPersonJump_Start.uasset" 205
"../../../StoryGraph/Content/Mannequin/Animations/ThirdPersonIdle.uasset" 206
"../../../StoryGraph/Content/Mannequin/Animations/ThirdPersonRun.uasset" 207
"../../../StoryGraph/Content/Mannequin/Animations/ThirdPersonWalk.uasset" 208
"../../../StoryGraph/Content/Mannequin/Animations/ThirdPerson_IdleRun_2D.uasset" 209
"../../../StoryGraph/Content/Mannequin/Animations/ThirdPerson_AnimBP.uasset" 210
"../../../Engine/Content/Functions/Engine_MaterialFunctions02/Utility/BlendAngleCorrectedNormals.uasset" 211
"../../../Engine/Content/Functions/MaterialLayerFunctions/MatLayerBlend_NormalBlend.uasset" 212
"../../../Engine/Content/Functions/MaterialLayerFunctions/MatLayerBlend_Simple.uasset" 213
"../../../StoryGraph/Content/Mannequin/Character/Materials/MaterialLayers/T_ML_Rubber_Blue_01_D.uasset" 214
"../../../StoryGraph/Content/Mannequin/Character/Materials/MaterialLayers/T_ML_Rubber_Blue_01_N.uasset" 215
"../../../StoryGraph/Content/Mannequin/Character/Materials/MaterialLayers/ML_GlossyBlack_Latex_UE4.uasset" 216
"../../../StoryGraph/Content/Mannequin/Character/Materials/MaterialLayers/ML_Plastic_Shiny_Beige.uasset" 217
"../../../StoryGraph/Content/Mannequin/Character/Textures/UE4_LOGO_CARD.uasset" 218
"../../../StoryGraph/Content/Mannequin/Character/Materials/MaterialLayers/ML_Plastic_Shiny_Beige_LOGO.uasset" 219
"../../../StoryGraph/Content/Mannequin/Character/Materials/MaterialLayers/T_ML_Aluminum01.uasset" 220
"../../../StoryGraph/Content/Mannequin/Character/Materials/MaterialLayers/T_ML_Aluminum01_N.uasset" 221
"../../../StoryGraph/Content/Mannequin/Character/Materials/MaterialLayers/ML_SoftMetal_UE4.uasset" 222
"../../../StoryGraph/Content/Mannequin/Character/Textures/UE4_Mannequin__normals.uasset" 223
"../../../StoryGraph/Content/Mannequin/Character/Textures/UE4_Mannequin_MAT_MASKA.uasset" 224
"../../../StoryGraph/Content/Mannequin/Character/Materials/M_UE4Man_Body.uasset" 225
"../../../StoryGraph/Content/Mannequin/Character/Textures/UE4Man_Logo_N.uasset" 226
"../../../StoryGraph/Content/Mannequin/Character/Materials/M_UE4Man_ChestLogo.uasset" 227
"../../../StoryGraph/Content/Mannequin/Character/Mesh/SK_Mannequin_PhysicsAsset.uasset" 228
"../../../StoryGraph/Content/Mannequin/Character/Mesh/SK_Mannequin.uasset" 229
"../../../StoryGraph/Content/ThirdPersonCharacter.uasset" 230
"../../../StoryGraph/Content/StoryGameMode.uasset" 231
"../../../StoryGraph/Content/Mannequin/Animations/ThirdPersonJump_End.uasset" 232
"../../../StoryGraph/Content/ScenObjects/Bot.uasset" 233
"../../../Engine/Content/EngineSky/C_Sky_Cloud_Color.uasset" 234
"../../../Engine/Content/EngineSky/C_Sky_Horizon_Color.uasset" 235
"../../../Engine/Content/EngineSky/C_Sky_Zenith_Color.uasset" 236
"../../../Engine/Content/EngineSky/T_Sky_Blue.uasset" 237
"../../../Engine/Content/EngineSky/T_Sky_Clouds_M.uasset" 238
"../../../Engine/Content/EngineSky/T_Sky_Stars.uasset" 239
"../../../Engine/Content/EngineSky/M_Sky_Panning_Clouds2.uasset" 240
"../../../Engine/Content/EngineSky/SM_SkySphere.uasset" 241
"../../../Engine/Content/EngineSky/BP_Sky_Sphere.uasset" 242
"../../../StoryGraph/Content/Texture/Textures/T_UE4_Logo_M.uasset" 243
"../../../StoryGraph/Content/Texture/Materials/M_UE4_Logo_Doors.uasset" 244
"../../../StoryGraph/Content/Texture/Materials/M_UE4_Logo_Door.uasset" 245
"../../../StoryGraph/Content/Texture/Materials/M_DemoWall.uasset" 246
"../../../StoryGraph/Content/Texture/Materials/M_DemoWall_Inst.uasset" 247
"../../../StoryGraph/Content/Texture/Materials/M_DemoWall_Inst_3.uasset" 248
"../../../StoryGraph/Content/Texture/Textures/T_Pattern_M.uasset" 249
"../../../StoryGraph/Content/Texture/Materials/M_GlasDoor.uasset" 250
"../../../StoryGraph/Content/Texture/Materials/M_GlasDoor_Inst.uasset" 251
"../../../StoryGraph/Content/Geometry/Meshes/SM_Door.uasset" 252
"../../../StoryGraph/Content/Geometry/Meshes/SM_DoorLock.uasset" 253
"../../../StoryGraph/Content/ScenObjects/BP_Double_Doors.uasset" 254
"../../../StoryGraph/Content/Texture/Materials/M_Button.uasset" 255
"../../../StoryGraph/Content/Texture/Materials/M_Button_Inst.uasset" 256
"../../../StoryGraph/Content/Texture/Materials/M_Button_Chrome.uasset" 257
"../../../StoryGraph/Content/Geometry/Meshes/SM_Button.uasset" 258
"../../../StoryGraph/Content/ScenObjects/DoorPanel.uasset" 259
"../../../StoryGraph/Content/ScenObjects/OverloapTrigger.uasset" 260
"../../../StoryGraph/Content/Geometry/Meshes/Pinch-bar.uasset" 261
"../../../StoryGraph/Content/ScenObjects/PinchBarInventory.uasset" 262
"../../../StoryGraph/Content/Geometry/Meshes/ShipEngine.uasset" 263
"../../../StoryGraph/Content/ScenObjects/ShipEngineInventory.uasset" 264
"../../../Engine/Content/Functions/Engine_MaterialFunctions01/Texturing/FlattenNormal.uasset" 265
"../../../Engine/Content/Functions/MaterialLayerFunctions/MatLayerBlend_Standard.uasset" 266
"../../../StoryGraph/Content/Texture/Materials/ML_Dirt.uasset" 267
"../../../StoryGraph/Content/Texture/Materials/ML_Emissive.uasset" 268
"../../../StoryGraph/Content/Texture/Textures/T_ExampleLayers_Metal01_D.uasset" 269
"../../../StoryGraph/Content/Texture/Textures/T_ExampleLayers_Metal01_N.uasset" 270
"../../../StoryGraph/Content/Texture/Materials/ML_Metal_Chrome.uasset" 271
"../../../StoryGraph/Content/Texture/Textures/T_ExampleLayers_Plastic01_D.uasset" 272
"../../../StoryGraph/Content/Texture/Textures/T_ExampleLayers_Plastic01_N.uasset" 273
"../../../StoryGraph/Content/Texture/Materials/ML_Plastic01.uasset" 274
"../../../StoryGraph/Content/Texture/Materials/T_UFO_02_M.uasset" 275
"../../../StoryGraph/Content/Texture/Materials/T_UFO_M.uasset" 276
"../../../StoryGraph/Content/Texture/Materials/M_UFO_Main.uasset" 277
"../../../StoryGraph/Content/Texture/Materials/M_UFO_Main_Inst.uasset" 278
"../../../StoryGraph/Content/Geometry/Meshes/SM_UFO_Main.uasset" 279
"../../../StoryGraph/Content/ScenObjects/SpaseShip.uasset" 280
"../../../StoryGraph/Content/Story.uasset" 281
"../../../StoryGraph/Content/Maps/ThirdPersonExampleMap_BuiltData.uasset" 282
"../../../StoryGraph/Content/Texture/Textures/T_GroundGrass_D.uasset" 283
"../../../StoryGraph/Content/Texture/Textures/T_Noise_N.uasset" 284
"../../../StoryGraph/Content/Texture/Materials/M_Cow_Pasture.uasset" 285
"../../../StoryGraph/Content/Texture/Materials/T_Toy_Cow_M.uasset" 286
"../../../StoryGraph/Content/Texture/Materials/T_Toy_Cow_N.uasset" 287
"../../../StoryGraph/Content/Texture/Materials/M_Toy_Cow.uasset" 288
"../../../StoryGraph/Content/Geometry/Meshes/SM_Toy_Cow.uasset" 289
"../../../StoryGraph/Content/Texture/Materials/M_Toy_Tree.uasset" 290
"../../../StoryGraph/Content/Geometry/Meshes/SM_Toy_Tree.uasset" 291
"../../../StoryGraph/Content/Maps/ThirdPersonExampleMap.umap" 292
"../../../Engine/Content/Maps/Entry.umap" 293
